<?xml version="1.0" encoding="UTF-8"?>
<testng-results skipped="0" failed="0" ignored="0" total="2" passed="2">
  <reporter-output>
    <line>
      <![CDATA[Search product
]]>
    </line>
    <line>
      <![CDATA[Navigate to Cart Page
]]>
    </line>
    <line>
      <![CDATA[Product name is being verified]]>
    </line>
    <line>
      <![CDATA[Product price is verified]]>
    </line>
    <line>
      <![CDATA[User logging out]]>
    </line>
  </reporter-output>
  <suite name="Suite" duration-ms="1176840" started-at="2020-09-17T13:38:16 IST" finished-at="2020-09-17T13:57:53 IST">
    <groups>
    </groups>
    <test name="Amazon" duration-ms="1176840" started-at="2020-09-17T13:38:16 IST" finished-at="2020-09-17T13:57:53 IST">
      <class name="com.commerce.qa.test.CartPageTest">
        <test-method status="PASS" signature="setUp()[pri:0, instance:com.commerce.qa.test.CartPageTest@86be70a]" name="setUp" is-config="true" duration-ms="788406" started-at="2020-09-17T13:38:16 IST" finished-at="2020-09-17T13:51:25 IST">
          <reporter-output>
            <line>
              <![CDATA[Search product
]]>
            </line>
            <line>
              <![CDATA[Navigate to Cart Page
]]>
            </line>
          </reporter-output>
        </test-method> <!-- setUp -->
        <test-method status="PASS" signature="verifyProductName()[pri:1, instance:com.commerce.qa.test.CartPageTest@86be70a]" name="verifyProductName" duration-ms="66" started-at="2020-09-17T13:51:25 IST" finished-at="2020-09-17T13:51:25 IST">
          <reporter-output>
            <line>
              <![CDATA[Product name is being verified]]>
            </line>
          </reporter-output>
        </test-method> <!-- verifyProductName -->
        <test-method status="PASS" signature="verifyProductPrice()[pri:2, instance:com.commerce.qa.test.CartPageTest@86be70a]" name="verifyProductPrice" duration-ms="13" started-at="2020-09-17T13:51:25 IST" finished-at="2020-09-17T13:51:25 IST">
          <reporter-output>
            <line>
              <![CDATA[Product price is verified]]>
            </line>
          </reporter-output>
        </test-method> <!-- verifyProductPrice -->
        <test-method status="FAIL" signature="teardown()[pri:0, instance:com.commerce.qa.test.CartPageTest@86be70a]" name="teardown" is-config="true" duration-ms="387911" started-at="2020-09-17T13:51:25 IST" finished-at="2020-09-17T13:57:53 IST">
          <exception class="org.openqa.selenium.NoSuchElementException">
            <message>
              <![CDATA[Can't locate an element by this strategy: By.chained({By.xpath: //*[@text='SIGN OUT']})]]>
            </message>
            <full-stacktrace>
              <![CDATA[org.openqa.selenium.NoSuchElementException: Can't locate an element by this strategy: By.chained({By.xpath: //*[@text='SIGN OUT']})
at io.appium.java_client.pagefactory.AppiumElementLocator.findElement(AppiumElementLocator.java:126)
at io.appium.java_client.pagefactory.interceptors.InterceptorOfASingleElement.intercept(InterceptorOfASingleElement.java:59)
at io.appium.java_client.android.AndroidElement$$EnhancerByCGLIB$$b598166c.click(<generated>)
at com.commerce.qa.pages.CartPage.logout(CartPage.java:104)
at com.commerce.qa.test.CartPageTest.teardown(CartPageTest.java:66)
at sun.reflect.NativeMethodAccessorImpl.invoke0(Native Method)
at sun.reflect.NativeMethodAccessorImpl.invoke(NativeMethodAccessorImpl.java:62)
at sun.reflect.DelegatingMethodAccessorImpl.invoke(DelegatingMethodAccessorImpl.java:43)
at java.lang.reflect.Method.invoke(Method.java:498)
at org.testng.internal.MethodInvocationHelper.invokeMethod(MethodInvocationHelper.java:132)
at org.testng.internal.MethodInvocationHelper.invokeMethodConsideringTimeout(MethodInvocationHelper.java:61)
at org.testng.internal.ConfigInvoker.invokeConfigurationMethod(ConfigInvoker.java:366)
at org.testng.internal.ConfigInvoker.invokeConfigurations(ConfigInvoker.java:320)
at org.testng.internal.TestMethodWorker.invokeAfterClassMethods(TestMethodWorker.java:217)
at org.testng.internal.TestMethodWorker.run(TestMethodWorker.java:130)
at java.util.ArrayList.forEach(ArrayList.java:1249)
at org.testng.TestRunner.privateRun(TestRunner.java:764)
at org.testng.TestRunner.run(TestRunner.java:585)
at org.testng.SuiteRunner.runTest(SuiteRunner.java:384)
at org.testng.SuiteRunner.runSequentially(SuiteRunner.java:378)
at org.testng.SuiteRunner.privateRun(SuiteRunner.java:337)
at org.testng.SuiteRunner.run(SuiteRunner.java:286)
at org.testng.SuiteRunnerWorker.runSuite(SuiteRunnerWorker.java:53)
at org.testng.SuiteRunnerWorker.run(SuiteRunnerWorker.java:96)
at org.testng.TestNG.runSuitesSequentially(TestNG.java:1218)
at org.testng.TestNG.runSuitesLocally(TestNG.java:1140)
at org.testng.TestNG.runSuites(TestNG.java:1069)
at org.testng.TestNG.run(TestNG.java:1037)
at org.testng.remote.AbstractRemoteTestNG.run(AbstractRemoteTestNG.java:115)
at org.testng.remote.RemoteTestNG.initAndRun(RemoteTestNG.java:251)
at org.testng.remote.RemoteTestNG.main(RemoteTestNG.java:77)
Caused by: org.openqa.selenium.TimeoutException: Expected condition failed: waiting for io.appium.java_client.pagefactory.AppiumElementLocator$WaitingFunction@f316aeb (tried for 1 second(s) with 500 milliseconds interval)
at org.openqa.selenium.support.ui.FluentWait.timeoutException(FluentWait.java:304)
at org.openqa.selenium.support.ui.FluentWait.until(FluentWait.java:272)
at io.appium.java_client.pagefactory.AppiumElementLocator.waitFor(AppiumElementLocator.java:99)
at io.appium.java_client.pagefactory.AppiumElementLocator.findElement(AppiumElementLocator.java:119)
... 30 more
Caused by: org.openqa.selenium.NoSuchElementException: Cannot locate an element using By.chained({By.xpath: //*[@text='SIGN OUT']})
For documentation on this error, please visit: https://www.seleniumhq.org/exceptions/no_such_element.html
Build info: version: '3.141.59', revision: 'e82be7d358', time: '2018-11-14T08:17:03'
System info: host: 'SHARMILA', ip: '192.168.1.100', os.name: 'Windows 10', os.arch: 'amd64', os.version: '10.0', java.version: '1.8.0_102'
Driver info: driver.version: AndroidDriver
at io.appium.java_client.pagefactory.bys.builder.ByChained.findElement(ByChained.java:74)
at org.openqa.selenium.remote.RemoteWebDriver.findElement(RemoteWebDriver.java:315)
at io.appium.java_client.DefaultGenericMobileDriver.findElement(DefaultGenericMobileDriver.java:58)
at io.appium.java_client.AppiumDriver.findElement(AppiumDriver.java:1)
at io.appium.java_client.android.AndroidDriver.findElement(AndroidDriver.java:1)
at io.appium.java_client.pagefactory.bys.ContentMappedBy.findElement(ContentMappedBy.java:50)
at org.openqa.selenium.remote.RemoteWebDriver.findElement(RemoteWebDriver.java:315)
at io.appium.java_client.DefaultGenericMobileDriver.findElement(DefaultGenericMobileDriver.java:58)
at io.appium.java_client.AppiumDriver.findElement(AppiumDriver.java:1)
at io.appium.java_client.android.AndroidDriver.findElement(AndroidDriver.java:1)
at io.appium.java_client.pagefactory.AppiumElementLocator.lambda$0(AppiumElementLocator.java:120)
at io.appium.java_client.pagefactory.AppiumElementLocator$WaitingFunction.apply(AppiumElementLocator.java:172)
at io.appium.java_client.pagefactory.AppiumElementLocator$WaitingFunction.apply(AppiumElementLocator.java:1)
at org.openqa.selenium.support.ui.FluentWait.until(FluentWait.java:249)
... 32 more
]]>
            </full-stacktrace>
          </exception> <!-- org.openqa.selenium.NoSuchElementException -->
          <reporter-output>
            <line>
              <![CDATA[User logging out]]>
            </line>
          </reporter-output>
        </test-method> <!-- teardown -->
      </class> <!-- com.commerce.qa.test.CartPageTest -->
    </test> <!-- Amazon -->
  </suite> <!-- Suite -->
</testng-results>
